19:27:28 **** Incremental Build of configuration Debug for project Programowalny mosfet ASG ****
make -j4 all 
make: Nothing to be done for 'all'.
19:27:35 **** Programming project Programowalny mosfet ASG on chip ****
"C:\\Ac6\\SystemWorkbench\\plugins\\fr.ac6.mcu.externaltools.openocd.win32_1.23.0.201904120827\\tools\\openocd\\bin\\openocd.exe" -f stm32.flash.7251839884048290219.cfg -s "C:\\Users\\Pawel\\Documents\\ST\\STM32F030 - mosfet progr\\Programowalny mosfet ASG" -s "C:\\Ac6\\SystemWorkbench\\plugins\\fr.ac6.mcu.debug_2.5.0.201904120827\\resources\\openocd\\st_scripts" -c "program Debug/.sw4stm32.2584842067759320717.elf.tmp verify reset " -c shutdown 
Open On-Chip Debugger 0.10.0+dev-00021-g524e8c8 (2019-04-12-08:48)
Licensed under GNU GPL v2
For bug reports, read
	http://openocd.org/doc/doxygen/bugs.html
none separate
Info : The selected transport took over low-level target control. The results might differ compared to plain JTAG/SWD
adapter speed: 4000 kHz
adapter_nsrst_delay: 100
Info : clock speed 4000 kHz
Info : STLINK v2 JTAG v32 API v2 SWIM v0 VID 0x0483 PID 0x3748
Info : using stlink api v2
Info : Target voltage: 2.945129
Info : Stlink adapter speed set to 4000 kHz
Info : STM32F030C8Tx.cpu: hardware has 4 breakpoints, 2 watchpoints
Info : Listening on port 3333 for gdb connections
target halted due to debug-request, current mode: Thread 
xPSR: 0xc1000000 pc: 0x080002a8 msp: 0x20002000
Info : Stlink adapter speed set to 4000 kHz
adapter speed: 4000 kHz
** Programming Started **
auto erase enabled
Info : device id = 0x20006440
Info : flash size = 64kbytes
target halted due to breakpoint, current mode: Thread 
xPSR: 0x61000000 pc: 0x2000003a msp: 0x20002000
wrote 3072 bytes from file Debug/.sw4stm32.2584842067759320717.elf.tmp in 0.221012s (13.574 KiB/s)
** Programming Finished **
** Verify Started **
target halted due to breakpoint, current mode: Thread 
xPSR: 0x61000000 pc: 0x2000002e msp: 0x20002000
target halted due to breakpoint, current mode: Thread 
xPSR: 0x61000000 pc: 0x2000002e msp: 0x20002000
verified 2288 bytes in 0.089005s (25.104 KiB/s)
** Verified OK **
** Resetting Target **
shutdown command invoked
19:27:50 **** Incremental Build of configuration Debug for project Programowalny mosfet ASG ****
make -j4 all 
make: Nothing to be done for 'all'.
19:28:57 **** Incremental Build of configuration Debug for project Programowalny mosfet ASG ****
make -j4 all 
make: Nothing to be done for 'all'.
19:34:33 **** Incremental Build of configuration Debug for project Programowalny mosfet ASG ****
make -j4 all 
make: Nothing to be done for 'all'.
